#
# There is insufficient memory for the Java Runtime Environment to continue.
# Native memory allocation (mmap) failed to map 104857600 bytes for G1 virtual space
# Possible reasons:
#   The system is out of physical RAM or swap space
#   The process is running with CompressedOops enabled, and the Java Heap may be blocking the growth of the native heap
# Possible solutions:
#   Reduce memory load on the system
#   Increase physical memory or swap space
#   Check if swap backing store is full
#   Decrease Java heap size (-Xmx/-Xms)
#   Decrease number of Java threads
#   Decrease Java thread stack sizes (-Xss)
#   Set larger code cache with -XX:ReservedCodeCacheSize=
#   JVM is running with Zero Based Compressed Oops mode in which the Java heap is
#     placed in the first 32GB address space. The Java Heap base address is the
#     maximum limit for the native heap growth. Please use -XX:HeapBaseMinAddress
#     to set the Java Heap base and to place the Java Heap above 32GB virtual address.
# This output file may be truncated or incomplete.
#
#  Out of Memory Error (os_windows.cpp:3530), pid=4140, tid=19656
#
# JRE version: OpenJDK Runtime Environment (18.0.2.1+1) (build 18.0.2.1+1-1)
# Java VM: OpenJDK 64-Bit Server VM (18.0.2.1+1-1, mixed mode, sharing, tiered, compressed oops, compressed class ptrs, g1 gc, windows-amd64)
# No core dump will be written. Minidumps are not enabled by default on client versions of Windows
#

---------------  S U M M A R Y ------------

Command Line: -javaagent:C:\Program Files\JetBrains\IntelliJ IDEA Community Edition 2021.2.3\lib\idea_rt.jar=55947:C:\Program Files\JetBrains\IntelliJ IDEA Community Edition 2021.2.3\bin -Dfile.encoding=UTF-8 com.javabrains.moviecatalogservice.MovieCatalogServiceApplication

Host: 11th Gen Intel(R) Core(TM) i5-1135G7 @ 2.40GHz, 8 cores, 15G,  Windows 10 , 64 bit Build 19041 (10.0.19041.1889)
Time: Wed Nov 23 21:25:04 2022 India Standard Time elapsed time: 34.855584 seconds (0d 0h 0m 34s)

---------------  T H R E A D  ---------------

Current thread (0x000001c6d0bc1840):  VMThread "VM Thread" [stack: 0x000000b0afe00000,0x000000b0aff00000] [id=19656]

Stack: [0x000000b0afe00000,0x000000b0aff00000]
Native frames: (J=compiled Java code, j=interpreted, Vv=VM code, C=native code)
V  [jvm.dll+0x6993aa]
V  [jvm.dll+0x7f46dd]
V  [jvm.dll+0x7f5fee]
V  [jvm.dll+0x7f66a3]
V  [jvm.dll+0x25cf1f]
V  [jvm.dll+0x6962f9]
V  [jvm.dll+0x68ae2a]
V  [jvm.dll+0x32255b]
V  [jvm.dll+0x329f36]
V  [jvm.dll+0x37eade]
V  [jvm.dll+0x37ed0f]
V  [jvm.dll+0x2fa2da]
V  [jvm.dll+0x2fa387]
V  [jvm.dll+0x33e8c2]
V  [jvm.dll+0x33ce64]
V  [jvm.dll+0x2f9ab0]
V  [jvm.dll+0x33c43b]
V  [jvm.dll+0x7fb48b]
V  [jvm.dll+0x7fc224]
V  [jvm.dll+0x7fc75c]
V  [jvm.dll+0x7fcbb4]
V  [jvm.dll+0x7fcc77]
V  [jvm.dll+0x7a120a]
V  [jvm.dll+0x698255]
C  [ucrtbase.dll+0x21bb2]
C  [KERNEL32.DLL+0x17034]
C  [ntdll.dll+0x526a1]

VM_Operation (0x000000b0b2bfd200): G1CollectForAllocation, mode: safepoint, requested by thread 0x000001c6d9731890


---------------  P R O C E S S  ---------------

Threads class SMR info:
_java_thread_list=0x000001c6d79f1bb0, length=35, elements={
0x000001c6d0bc4e80, 0x000001c6d0bc5fc0, 0x000001c6d0bdec80, 0x000001c6d0bdf620,
0x000001c6d0be28b0, 0x000001c6d0be7030, 0x000001c6d0bea5f0, 0x000001c6d0beb8b0,
0x000001c6d0bfe9a0, 0x000001c6d508ce90, 0x000001c6d5276a30, 0x000001c6d5276ef0,
0x000001c6d7a93050, 0x000001c6d6ae9f10, 0x000001c6d7a2b0b0, 0x000001c6d7eb4530,
0x000001c6d7eb7a20, 0x000001c6d7eb4060, 0x000001c6d7eb4ed0, 0x000001c6d7eb4a00,
0x000001c6d7eb5d40, 0x000001c6d7eb6210, 0x000001c6d7eb5870, 0x000001c6d7eb66e0,
0x000001c6d7eb6bb0, 0x000001c6d7eb53a0, 0x000001c6d9733a40, 0x000001c6d972f6e0,
0x000001c6d972d530, 0x000001c6d972e3a0, 0x000001c6d97348b0, 0x000001c6d9732bd0,
0x000001c6d9730080, 0x000001c6d97343e0, 0x000001c6d9731890
}

Java Threads: ( => current thread )
  0x000001c6d0bc4e80 JavaThread "Reference Handler" daemon [_thread_blocked, id=17952, stack(0x000000b0aff00000,0x000000b0b0000000)]
  0x000001c6d0bc5fc0 JavaThread "Finalizer" daemon [_thread_blocked, id=11876, stack(0x000000b0b0000000,0x000000b0b0100000)]
  0x000001c6d0bdec80 JavaThread "Signal Dispatcher" daemon [_thread_blocked, id=9480, stack(0x000000b0b0100000,0x000000b0b0200000)]
  0x000001c6d0bdf620 JavaThread "Attach Listener" daemon [_thread_blocked, id=20692, stack(0x000000b0b0200000,0x000000b0b0300000)]
  0x000001c6d0be28b0 JavaThread "Service Thread" daemon [_thread_blocked, id=4628, stack(0x000000b0b0300000,0x000000b0b0400000)]
  0x000001c6d0be7030 JavaThread "Monitor Deflation Thread" daemon [_thread_blocked, id=15772, stack(0x000000b0b0400000,0x000000b0b0500000)]
  0x000001c6d0bea5f0 JavaThread "C2 CompilerThread0" daemon [_thread_blocked, id=9600, stack(0x000000b0b0500000,0x000000b0b0600000)]
  0x000001c6d0beb8b0 JavaThread "C1 CompilerThread0" daemon [_thread_blocked, id=8324, stack(0x000000b0b0600000,0x000000b0b0700000)]
  0x000001c6d0bfe9a0 JavaThread "Sweeper thread" daemon [_thread_blocked, id=9244, stack(0x000000b0b0700000,0x000000b0b0800000)]
  0x000001c6d508ce90 JavaThread "Common-Cleaner" daemon [_thread_blocked, id=18876, stack(0x000000b0b0800000,0x000000b0b0900000)]
  0x000001c6d5276a30 JavaThread "Monitor Ctrl-Break" daemon [_thread_in_native, id=19376, stack(0x000000b0b0a00000,0x000000b0b0b00000)]
  0x000001c6d5276ef0 JavaThread "Notification Thread" daemon [_thread_blocked, id=14304, stack(0x000000b0b0b00000,0x000000b0b0c00000)]
  0x000001c6d7a93050 JavaThread "Catalina-utility-1" [_thread_blocked, id=16344, stack(0x000000b0b1600000,0x000000b0b1700000)]
  0x000001c6d6ae9f10 JavaThread "Catalina-utility-2" [_thread_blocked, id=640, stack(0x000000b0b1700000,0x000000b0b1800000)]
  0x000001c6d7a2b0b0 JavaThread "container-0" [_thread_blocked, id=12160, stack(0x000000b0b1800000,0x000000b0b1900000)]
  0x000001c6d7eb4530 JavaThread "spring.cloud.inetutils" daemon [_thread_blocked, id=13648, stack(0x000000b0b1900000,0x000000b0b1a00000)]
  0x000001c6d7eb7a20 JavaThread "AsyncResolver-bootstrap-0" daemon [_thread_blocked, id=11300, stack(0x000000b0b1a00000,0x000000b0b1b00000)]
  0x000001c6d7eb4060 JavaThread "DiscoveryClient-0" daemon [_thread_blocked, id=13928, stack(0x000000b0b1b00000,0x000000b0b1c00000)]
  0x000001c6d7eb4ed0 JavaThread "DiscoveryClient-1" daemon [_thread_blocked, id=12040, stack(0x000000b0b1c00000,0x000000b0b1d00000)]
  0x000001c6d7eb4a00 JavaThread "DiscoveryClient-InstanceInfoReplicator-0" daemon [_thread_blocked, id=19796, stack(0x000000b0b1d00000,0x000000b0b1e00000)]
  0x000001c6d7eb5d40 JavaThread "http-nio-8084-exec-1" daemon [_thread_blocked, id=2200, stack(0x000000b0b1e00000,0x000000b0b1f00000)]
  0x000001c6d7eb6210 JavaThread "http-nio-8084-exec-2" daemon [_thread_blocked, id=7812, stack(0x000000b0b1f00000,0x000000b0b2000000)]
  0x000001c6d7eb5870 JavaThread "http-nio-8084-exec-3" daemon [_thread_blocked, id=5784, stack(0x000000b0b2000000,0x000000b0b2100000)]
  0x000001c6d7eb66e0 JavaThread "http-nio-8084-exec-4" daemon [_thread_blocked, id=5616, stack(0x000000b0b2100000,0x000000b0b2200000)]
  0x000001c6d7eb6bb0 JavaThread "http-nio-8084-exec-5" daemon [_thread_blocked, id=15388, stack(0x000000b0b2200000,0x000000b0b2300000)]
  0x000001c6d7eb53a0 JavaThread "http-nio-8084-exec-6" daemon [_thread_blocked, id=19120, stack(0x000000b0b2300000,0x000000b0b2400000)]
  0x000001c6d9733a40 JavaThread "http-nio-8084-exec-7" daemon [_thread_blocked, id=1100, stack(0x000000b0b2400000,0x000000b0b2500000)]
  0x000001c6d972f6e0 JavaThread "http-nio-8084-exec-8" daemon [_thread_blocked, id=17728, stack(0x000000b0b2500000,0x000000b0b2600000)]
  0x000001c6d972d530 JavaThread "http-nio-8084-exec-9" daemon [_thread_blocked, id=20772, stack(0x000000b0b2600000,0x000000b0b2700000)]
  0x000001c6d972e3a0 JavaThread "http-nio-8084-exec-10" daemon [_thread_blocked, id=18320, stack(0x000000b0b2700000,0x000000b0b2800000)]
  0x000001c6d97348b0 JavaThread "http-nio-8084-Poller" daemon [_thread_in_native, id=13272, stack(0x000000b0b2800000,0x000000b0b2900000)]
  0x000001c6d9732bd0 JavaThread "http-nio-8084-Acceptor" daemon [_thread_in_native, id=20636, stack(0x000000b0b2900000,0x000000b0b2a00000)]
  0x000001c6d9730080 JavaThread "DestroyJavaVM" [_thread_blocked, id=20484, stack(0x000000b0af800000,0x000000b0af900000)]
  0x000001c6d97343e0 JavaThread "DiscoveryClient-CacheRefreshExecutor-0" daemon [_thread_blocked, id=20324, stack(0x000000b0b2a00000,0x000000b0b2b00000)]
  0x000001c6d9731890 JavaThread "DiscoveryClient-HeartbeatExecutor-0" daemon [_thread_blocked, id=12496, stack(0x000000b0b2b00000,0x000000b0b2c00000)]

Other Threads:
=>0x000001c6d0bc1840 VMThread "VM Thread" [stack: 0x000000b0afe00000,0x000000b0aff00000] [id=19656]
  0x000001c6d529eb50 WatcherThread "VM Periodic Task Thread" [stack: 0x000000b0b0c00000,0x000000b0b0d00000] [id=14984]
  0x000001c6ae0f6a50 WorkerThread "GC Thread#0" [stack: 0x000000b0af900000,0x000000b0afa00000] [id=14248]
  0x000001c6d587ac10 WorkerThread "GC Thread#1" [stack: 0x000000b0b0d00000,0x000000b0b0e00000] [id=11020]
  0x000001c6d5975d70 WorkerThread "GC Thread#2" [stack: 0x000000b0b0e00000,0x000000b0b0f00000] [id=20152]
  0x000001c6d5c8dec0 WorkerThread "GC Thread#3" [stack: 0x000000b0b0f00000,0x000000b0b1000000] [id=18152]
  0x000001c6d5bddc80 WorkerThread "GC Thread#4" [stack: 0x000000b0b1000000,0x000000b0b1100000] [id=9644]
  0x000001c6d5bde3a0 WorkerThread "GC Thread#5" [stack: 0x000000b0b1100000,0x000000b0b1200000] [id=16564]
  0x000001c6d57d62b0 WorkerThread "GC Thread#6" [stack: 0x000000b0b1200000,0x000000b0b1300000] [id=19068]
  0x000001c6d61554c0 WorkerThread "GC Thread#7" [stack: 0x000000b0b1400000,0x000000b0b1500000] [id=6432]
  0x000001c6ae109430 ConcurrentGCThread "G1 Main Marker" [stack: 0x000000b0afa00000,0x000000b0afb00000] [id=15452]
  0x000001c6ae10a5c0 WorkerThread "G1 Conc#0" [stack: 0x000000b0afb00000,0x000000b0afc00000] [id=8996]
  0x000001c6d666d0e0 WorkerThread "G1 Conc#1" [stack: 0x000000b0b1500000,0x000000b0b1600000] [id=5996]
  0x000001c6d0a79530 ConcurrentGCThread "G1 Refine#0" [stack: 0x000000b0afc00000,0x000000b0afd00000] [id=1732]
  0x000001c6d0a79e40 ConcurrentGCThread "G1 Service" [stack: 0x000000b0afd00000,0x000000b0afe00000] [id=7004]

Threads with active compile tasks:
C2 CompilerThread0    34893 4885   !   4       java.lang.reflect.Field::declaredAnnotations (82 bytes)
C1 CompilerThread0    34893 4893       3       com.fasterxml.jackson.databind.introspect.AnnotatedConstructor::getParameterType (29 bytes)

VM state: at safepoint (normal execution)

VM Mutex/Monitor currently owned by a thread:  ([mutex/lock_event])
[0x000001c6ae083e20] Threads_lock - owner thread: 0x000001c6d0bc1840
[0x000001c6ae084a80] Heap_lock - owner thread: 0x000001c6d9731890

Heap address: 0x0000000705600000, size: 4010 MB, Compressed Oops mode: Zero based, Oop shift amount: 3

CDS archive(s) mapped at: [0x0000000800000000-0x0000000800ba0000-0x0000000800ba0000), size 12189696, SharedBaseAddress: 0x0000000800000000, ArchiveRelocationMode: 0.
Compressed class space mapped at: 0x0000000800c00000-0x0000000840c00000, reserved size: 1073741824
Narrow klass base: 0x0000000800000000, Narrow klass shift: 0, Narrow klass range: 0x100000000

GC Precious Log:
 CardTable entry size: 512
 Card Set container configuration: InlinePtr #cards 4 size 8 Array Of Cards #cards 16 size 48 Howl #buckets 8 coarsen threshold 3686 Howl Bitmap #cards 512 size 80 coarsen threshold 460 Card regions per heap region 1 cards per card region 4096
 CPUs: 8 total, 8 available
 Memory: 16034M
 Large Page Support: Disabled
 NUMA Support: Disabled
 Compressed Oops: Enabled (Zero based)
 Heap Region Size: 2M
 Heap Min Capacity: 8M
 Heap Initial Capacity: 252M
 Heap Max Capacity: 4010M
 Pre-touch: Disabled
 Parallel Workers: 8
 Concurrent Workers: 2
 Concurrent Refinement Workers: 8
 Periodic GC: Disabled

Heap:
 garbage-first heap   total 55296K, used 22525K [0x0000000705600000, 0x0000000800000000)
  region size 2048K, 1 young (2048K), 1 survivors (2048K)
 Metaspace       used 39424K, committed 39936K, reserved 1114112K
  class space    used 4970K, committed 5184K, reserved 1048576K

Heap Regions: E=young(eden), S=young(survivor), O=old, HS=humongous(starts), HC=humongous(continues), CS=collection set, F=free, OA=open archive, CA=closed archive, TAMS=top-at-mark-start (previous, next)
|   0|0x0000000705600000, 0x0000000705800000, 0x0000000705800000|100%| O|  |TAMS 0x0000000705800000, 0x0000000705600000| Untracked 
|   1|0x0000000705800000, 0x0000000705a00000, 0x0000000705a00000|100%| O|  |TAMS 0x0000000705a00000, 0x0000000705800000| Untracked 
|   2|0x0000000705a00000, 0x0000000705c00000, 0x0000000705c00000|100%| O|  |TAMS 0x0000000705c00000, 0x0000000705a00000| Untracked 
|   3|0x0000000705c00000, 0x0000000705e00000, 0x0000000705e00000|100%| O|  |TAMS 0x0000000705c00000, 0x0000000705c00000| Untracked 
|   4|0x0000000705e00000, 0x0000000706000000, 0x0000000706000000|100%| O|  |TAMS 0x0000000706000000, 0x0000000705e00000| Untracked 
|   5|0x0000000706000000, 0x0000000706200000, 0x0000000706200000|100%| O|  |TAMS 0x0000000706200000, 0x0000000706000000| Untracked 
|   6|0x0000000706200000, 0x0000000706400000, 0x0000000706400000|100%| O|  |TAMS 0x0000000706400000, 0x0000000706200000| Untracked 
|   7|0x0000000706400000, 0x0000000706600000, 0x0000000706600000|100%| O|  |TAMS 0x0000000706600000, 0x0000000706400000| Untracked 
|   8|0x0000000706600000, 0x0000000706800000, 0x0000000706800000|100%| O|  |TAMS 0x0000000706645c00, 0x0000000706600000| Untracked 
|   9|0x0000000706800000, 0x0000000706a00000, 0x0000000706a00000|100%| O|  |TAMS 0x0000000706800000, 0x0000000706800000| Untracked 
|  10|0x0000000706a00000, 0x0000000706a30800, 0x0000000706c00000|  9%| O|  |TAMS 0x0000000706a00000, 0x0000000706a00000| Untracked 
|  11|0x0000000706c00000, 0x0000000706c00000, 0x0000000706e00000|  0%| F|  |TAMS 0x0000000706c00000, 0x0000000706c00000| Untracked 
|  12|0x0000000706e00000, 0x0000000706e00000, 0x0000000707000000|  0%| F|  |TAMS 0x0000000706e00000, 0x0000000706e00000| Untracked 
|  13|0x0000000707000000, 0x0000000707000000, 0x0000000707200000|  0%| F|  |TAMS 0x0000000707000000, 0x0000000707000000| Untracked 
|  14|0x0000000707200000, 0x0000000707200000, 0x0000000707400000|  0%| F|  |TAMS 0x0000000707200000, 0x0000000707200000| Untracked 
|  15|0x0000000707400000, 0x0000000707400000, 0x0000000707600000|  0%| F|  |TAMS 0x0000000707400000, 0x0000000707400000| Untracked 
|  16|0x0000000707600000, 0x0000000707600000, 0x0000000707800000|  0%| F|  |TAMS 0x0000000707600000, 0x0000000707600000| Untracked 
|  17|0x0000000707800000, 0x00000007079ced00, 0x0000000707a00000| 90%| S|CS|TAMS 0x0000000707800000, 0x0000000707800000| Complete 
|  18|0x0000000707a00000, 0x0000000707a00000, 0x0000000707c00000|  0%| F|  |TAMS 0x0000000707a00000, 0x0000000707a00000| Untracked 
|  19|0x0000000707c00000, 0x0000000707c00000, 0x0000000707e00000|  0%| F|  |TAMS 0x0000000707c00000, 0x0000000707c00000| Untracked 
|  20|0x0000000707e00000, 0x0000000707e00000, 0x0000000708000000|  0%| F|  |TAMS 0x0000000707e00000, 0x0000000707e00000| Untracked 
|  21|0x0000000708000000, 0x0000000708000000, 0x0000000708200000|  0%| F|  |TAMS 0x0000000708000000, 0x0000000708000000| Untracked 
|  22|0x0000000708200000, 0x0000000708200000, 0x0000000708400000|  0%| F|  |TAMS 0x0000000708200000, 0x0000000708200000| Untracked 
|  92|0x0000000710e00000, 0x0000000710e00000, 0x0000000711000000|  0%| F|  |TAMS 0x0000000710e00000, 0x0000000710e00000| Untracked 
|  93|0x0000000711000000, 0x0000000711000000, 0x0000000711200000|  0%| F|  |TAMS 0x0000000711000000, 0x0000000711000000| Untracked 
|  94|0x0000000711200000, 0x0000000711200000, 0x0000000711400000|  0%| F|  |TAMS 0x0000000711200000, 0x0000000711200000| Untracked 
| 125|0x0000000715000000, 0x0000000715000000, 0x0000000715200000|  0%| F|  |TAMS 0x0000000715000000, 0x0000000715000000| Untracked 

Card table byte_map: [0x000001c6c54c0000,0x000001c6c5ca0000] _byte_map_base: 0x000001c6c1c95000

Marking Bits (Prev, Next): (CMBitMap*) 0x000001c6ae0f9070, (CMBitMap*) 0x000001c6ae0f90b0
 Prev Bits: [0x000001c6c6480000, 0x000001c6ca328000)
 Next Bits: [0x000001c6ca330000, 0x000001c6ce1d8000)

Polling page: 0x000001c6abe20000

Metaspace:

Usage:
  Non-class:     33.65 MB used.
      Class:      4.85 MB used.
       Both:     38.50 MB used.

Virtual space:
  Non-class space:       64.00 MB reserved,      33.94 MB ( 53%) committed,  1 nodes.
      Class space:        1.00 GB reserved,       5.06 MB ( <1%) committed,  1 nodes.
             Both:        1.06 GB reserved,      39.00 MB (  4%) committed. 

Chunk freelists:
   Non-Class:  1.97 MB
       Class:  2.79 MB
        Both:  4.76 MB

MaxMetaspaceSize: unlimited
CompressedClassSpaceSize: 1.00 GB
Initial GC threshold: 21.00 MB
Current GC threshold: 59.19 MB
CDS: on
MetaspaceReclaimPolicy: balanced
 - commit_granule_bytes: 65536.
 - commit_granule_words: 8192.
 - virtual_space_node_default_size: 8388608.
 - enlarge_chunks_in_place: 1.
 - new_chunks_are_fully_committed: 0.
 - uncommit_free_chunks: 1.
 - use_allocation_guard: 0.


Internal statistics:

num_allocs_failed_limit: 6.
num_arena_births: 624.
num_arena_deaths: 0.
num_vsnodes_births: 2.
num_vsnodes_deaths: 0.
num_space_committed: 624.
num_space_uncommitted: 0.
num_chunks_returned_to_freelist: 6.
num_chunks_taken_from_freelist: 1929.
num_chunk_merges: 3.
num_chunk_splits: 1335.
num_chunks_enlarged: 1048.
num_inconsistent_stats: 0.

CodeHeap 'non-profiled nmethods': size=120000Kb used=2272Kb max_used=2594Kb free=117727Kb
 bounds [0x000001c6bd480000, 0x000001c6bd720000, 0x000001c6c49b0000]
CodeHeap 'profiled nmethods': size=120000Kb used=8480Kb max_used=10542Kb free=111519Kb
 bounds [0x000001c6b5f50000, 0x000001c6b69a0000, 0x000001c6bd480000]
CodeHeap 'non-nmethods': size=5760Kb used=1286Kb max_used=1335Kb free=4473Kb
 bounds [0x000001c6b59b0000, 0x000001c6b5c20000, 0x000001c6b5f50000]
 total_blobs=4652 nmethods=4075 adapters=489
 compilation: enabled
              stopped_count=0, restarted_count=0
 full_count=0

Compilation events (20 events):
Event: 34.826 Thread 0x000001c6d0beb8b0 nmethod 4887 0x000001c6b5f76410 code [0x000001c6b5f76600, 0x000001c6b5f76b88]
Event: 34.826 Thread 0x000001c6d0beb8b0 4884       1       com.fasterxml.jackson.databind.BeanDescription::getType (5 bytes)
Event: 34.826 Thread 0x000001c6d0beb8b0 nmethod 4884 0x000001c6bd594710 code [0x000001c6bd5948a0, 0x000001c6bd594978]
Event: 34.826 Thread 0x000001c6d0beb8b0 4883       1       com.fasterxml.jackson.databind.cfg.ConfigOverrides::getDefaultMergeable (5 bytes)
Event: 34.826 Thread 0x000001c6d0beb8b0 nmethod 4883 0x000001c6bd594410 code [0x000001c6bd5945a0, 0x000001c6bd594678]
Event: 34.827 Thread 0x000001c6d0beb8b0 4888       3       java.util.LinkedList::set (25 bytes)
Event: 34.828 Thread 0x000001c6d0beb8b0 nmethod 4888 0x000001c6b5f83f10 code [0x000001c6b5f84100, 0x000001c6b5f84588]
Event: 34.828 Thread 0x000001c6d0beb8b0 4891       3       java.util.HashMap::values (25 bytes)
Event: 34.828 Thread 0x000001c6d0beb8b0 nmethod 4891 0x000001c6b6615a10 code [0x000001c6b6615bc0, 0x000001c6b6615f58]
Event: 34.828 Thread 0x000001c6d0beb8b0 4889       3       java.lang.reflect.Constructor::getGenericParameterTypes (5 bytes)
Event: 34.830 Thread 0x000001c6d0beb8b0 nmethod 4889 0x000001c6b60d2910 code [0x000001c6b60d2ba0, 0x000001c6b60d3bb8]
Event: 34.830 Thread 0x000001c6d0beb8b0 4890       3       java.lang.reflect.Constructor::hasGenericInformation (13 bytes)
Event: 34.830 Thread 0x000001c6d0beb8b0 nmethod 4890 0x000001c6b62fd410 code [0x000001c6b62fd5a0, 0x000001c6b62fd718]
Event: 34.830 Thread 0x000001c6d0beb8b0 4894       3       com.fasterxml.jackson.databind.introspect.BasicClassIntrospector::forClassAnnotations (30 bytes)
Event: 34.830 Thread 0x000001c6d0beb8b0 nmethod 4894 0x000001c6b66f4e90 code [0x000001c6b66f5060, 0x000001c6b66f52e8]
Event: 34.830 Thread 0x000001c6d0beb8b0 4896       3       com.fasterxml.jackson.databind.type.TypeFactory::constructType (10 bytes)
Event: 34.830 Thread 0x000001c6d0beb8b0 nmethod 4896 0x000001c6b6361810 code [0x000001c6b63619c0, 0x000001c6b6361b08]
Event: 34.830 Thread 0x000001c6d0beb8b0 4895       3       com.fasterxml.jackson.databind.introspect.JacksonAnnotationIntrospector::findTypeResolver (8 bytes)
Event: 34.831 Thread 0x000001c6d0beb8b0 nmethod 4895 0x000001c6b67a6210 code [0x000001c6b67a63c0, 0x000001c6b67a6508]
Event: 34.831 Thread 0x000001c6d0beb8b0 4893       3       com.fasterxml.jackson.databind.introspect.AnnotatedConstructor::getParameterType (29 bytes)

GC Heap History (17 events):
Event: 0.680 GC heap before
{Heap before GC invocations=0 (full 0):
 garbage-first heap   total 258048K, used 20480K [0x0000000705600000, 0x0000000800000000)
  region size 2048K, 11 young (22528K), 0 survivors (0K)
 Metaspace       used 5341K, committed 5440K, reserved 1114112K
  class space    used 581K, committed 640K, reserved 1048576K
}
Event: 0.686 GC heap after
{Heap after GC invocations=1 (full 0):
 garbage-first heap   total 258048K, used 6802K [0x0000000705600000, 0x0000000800000000)
  region size 2048K, 2 young (4096K), 2 survivors (4096K)
 Metaspace       used 5341K, committed 5440K, reserved 1114112K
  class space    used 581K, committed 640K, reserved 1048576K
}
Event: 1.246 GC heap before
{Heap before GC invocations=1 (full 0):
 garbage-first heap   total 258048K, used 27282K [0x0000000705600000, 0x0000000800000000)
  region size 2048K, 13 young (26624K), 2 survivors (4096K)
 Metaspace       used 11407K, committed 11648K, reserved 1114112K
  class space    used 1335K, committed 1472K, reserved 1048576K
}
Event: 1.251 GC heap after
{Heap after GC invocations=2 (full 0):
 garbage-first heap   total 258048K, used 8874K [0x0000000705600000, 0x0000000800000000)
  region size 2048K, 2 young (4096K), 2 survivors (4096K)
 Metaspace       used 11407K, committed 11648K, reserved 1114112K
  class space    used 1335K, committed 1472K, reserved 1048576K
}
Event: 2.458 GC heap before
{Heap before GC invocations=2 (full 0):
 garbage-first heap   total 258048K, used 66218K [0x0000000705600000, 0x0000000800000000)
  region size 2048K, 31 young (63488K), 2 survivors (4096K)
 Metaspace       used 21188K, committed 21504K, reserved 1114112K
  class space    used 2529K, committed 2688K, reserved 1048576K
}
Event: 2.464 GC heap after
{Heap after GC invocations=3 (full 0):
 garbage-first heap   total 258048K, used 12562K [0x0000000705600000, 0x0000000800000000)
  region size 2048K, 3 young (6144K), 3 survivors (6144K)
 Metaspace       used 21188K, committed 21504K, reserved 1114112K
  class space    used 2529K, committed 2688K, reserved 1048576K
}
Event: 3.033 GC heap before
{Heap before GC invocations=4 (full 0):
 garbage-first heap   total 55296K, used 37138K [0x0000000705600000, 0x0000000800000000)
  region size 2048K, 16 young (32768K), 3 survivors (6144K)
 Metaspace       used 25169K, committed 25536K, reserved 1114112K
  class space    used 3023K, committed 3200K, reserved 1048576K
}
Event: 3.040 GC heap after
{Heap after GC invocations=5 (full 0):
 garbage-first heap   total 55296K, used 14775K [0x0000000705600000, 0x0000000800000000)
  region size 2048K, 2 young (4096K), 2 survivors (4096K)
 Metaspace       used 25169K, committed 25536K, reserved 1114112K
  class space    used 3023K, committed 3200K, reserved 1048576K
}
Event: 3.089 GC heap before
{Heap before GC invocations=5 (full 0):
 garbage-first heap   total 55296K, used 16823K [0x0000000705600000, 0x0000000800000000)
  region size 2048K, 3 young (6144K), 2 survivors (4096K)
 Metaspace       used 25613K, committed 25984K, reserved 1114112K
  class space    used 3079K, committed 3264K, reserved 1048576K
}
Event: 3.094 GC heap after
{Heap after GC invocations=6 (full 0):
 garbage-first heap   total 55296K, used 15171K [0x0000000705600000, 0x0000000800000000)
  region size 2048K, 1 young (2048K), 1 survivors (2048K)
 Metaspace       used 25613K, committed 25984K, reserved 1114112K
  class space    used 3079K, committed 3264K, reserved 1048576K
}
Event: 3.522 GC heap before
{Heap before GC invocations=6 (full 0):
 garbage-first heap   total 55296K, used 33603K [0x0000000705600000, 0x0000000800000000)
  region size 2048K, 10 young (20480K), 1 survivors (2048K)
 Metaspace       used 29035K, committed 29376K, reserved 1114112K
  class space    used 3620K, committed 3776K, reserved 1048576K
}
Event: 3.525 GC heap after
{Heap after GC invocations=7 (full 0):
 garbage-first heap   total 55296K, used 16703K [0x0000000705600000, 0x0000000800000000)
  region size 2048K, 2 young (4096K), 2 survivors (4096K)
 Metaspace       used 29035K, committed 29376K, reserved 1114112K
  class space    used 3620K, committed 3776K, reserved 1048576K
}
Event: 4.144 GC heap before
{Heap before GC invocations=7 (full 0):
 garbage-first heap   total 55296K, used 35135K [0x0000000705600000, 0x0000000800000000)
  region size 2048K, 11 young (22528K), 2 survivors (4096K)
 Metaspace       used 31519K, committed 31936K, reserved 1114112K
  class space    used 3942K, committed 4160K, reserved 1048576K
}
Event: 4.148 GC heap after
{Heap after GC invocations=8 (full 0):
 garbage-first heap   total 55296K, used 18127K [0x0000000705600000, 0x0000000800000000)
  region size 2048K, 2 young (4096K), 2 survivors (4096K)
 Metaspace       used 31519K, committed 31936K, reserved 1114112K
  class space    used 3942K, committed 4160K, reserved 1048576K
}
Event: 4.528 GC heap before
{Heap before GC invocations=8 (full 0):
 garbage-first heap   total 55296K, used 32463K [0x0000000705600000, 0x0000000800000000)
  region size 2048K, 10 young (20480K), 2 survivors (4096K)
 Metaspace       used 35670K, committed 36096K, reserved 1114112K
  class space    used 4452K, committed 4672K, reserved 1048576K
}
Event: 4.533 GC heap after
{Heap after GC invocations=9 (full 0):
 garbage-first heap   total 55296K, used 20769K [0x0000000705600000, 0x0000000800000000)
  region size 2048K, 2 young (4096K), 2 survivors (4096K)
 Metaspace       used 35670K, committed 36096K, reserved 1114112K
  class space    used 4452K, committed 4672K, reserved 1048576K
}
Event: 34.832 GC heap before
{Heap before GC invocations=10 (full 0):
 garbage-first heap   total 55296K, used 37153K [0x0000000705600000, 0x0000000800000000)
  region size 2048K, 10 young (20480K), 2 survivors (4096K)
 Metaspace       used 39424K, committed 39936K, reserved 1114112K
  class space    used 4970K, committed 5184K, reserved 1048576K
}

Deoptimization events (20 events):
Event: 4.766 Thread 0x000001c6ae086b50 DEOPT PACKING pc=0x000001c6bd6ce86c sp=0x000000b0af8fb190
Event: 4.766 Thread 0x000001c6ae086b50 DEOPT UNPACKING pc=0x000001c6b5a05c23 sp=0x000000b0af8fb110 mode 2
Event: 4.768 Thread 0x000001c6ae086b50 Uncommon trap: trap_request=0xffffff45 fr.pc=0x000001c6bd52ed5c relative=0x000000000000023c
Event: 4.768 Thread 0x000001c6ae086b50 Uncommon trap: reason=unstable_if action=reinterpret pc=0x000001c6bd52ed5c method=jdk.internal.org.objectweb.asm.Frame.push(I)V @ 26 c2
Event: 4.768 Thread 0x000001c6ae086b50 DEOPT PACKING pc=0x000001c6bd52ed5c sp=0x000000b0af8fab90
Event: 4.768 Thread 0x000001c6ae086b50 DEOPT UNPACKING pc=0x000001c6b5a05c23 sp=0x000000b0af8fab38 mode 2
Event: 4.832 Thread 0x000001c6ae086b50 DEOPT PACKING pc=0x000001c6b6919bd6 sp=0x000000b0af8fe5d0
Event: 4.832 Thread 0x000001c6ae086b50 DEOPT UNPACKING pc=0x000001c6b5a06763 sp=0x000000b0af8fda58 mode 0
Event: 4.835 Thread 0x000001c6d7eb4a00 Uncommon trap: trap_request=0xffffff45 fr.pc=0x000001c6bd500ea4 relative=0x00000000000000a4
Event: 4.835 Thread 0x000001c6d7eb4a00 Uncommon trap: reason=unstable_if action=reinterpret pc=0x000001c6bd500ea4 method=java.lang.Integer.stringSize(I)I @ 3 c2
Event: 4.835 Thread 0x000001c6d7eb4a00 DEOPT PACKING pc=0x000001c6bd500ea4 sp=0x000000b0b1dfd800
Event: 4.835 Thread 0x000001c6d7eb4a00 DEOPT UNPACKING pc=0x000001c6b5a05c23 sp=0x000000b0b1dfd788 mode 2
Event: 4.835 Thread 0x000001c6d7eb4a00 Uncommon trap: trap_request=0xffffff45 fr.pc=0x000001c6bd50cc2c relative=0x000000000000028c
Event: 4.835 Thread 0x000001c6d7eb4a00 Uncommon trap: reason=unstable_if action=reinterpret pc=0x000001c6bd50cc2c method=java.lang.Integer.getChars(II[B)I @ 4 c2
Event: 4.835 Thread 0x000001c6d7eb4a00 DEOPT PACKING pc=0x000001c6bd50cc2c sp=0x000000b0b1dfd7e0
Event: 4.835 Thread 0x000001c6d7eb4a00 DEOPT UNPACKING pc=0x000001c6b5a05c23 sp=0x000000b0b1dfd770 mode 2
Event: 5.016 Thread 0x000001c6ae086b50 Uncommon trap: trap_request=0xffffff45 fr.pc=0x000001c6bd4de2e0 relative=0x0000000000000060
Event: 5.016 Thread 0x000001c6ae086b50 Uncommon trap: reason=unstable_if action=reinterpret pc=0x000001c6bd4de2e0 method=org.springframework.util.ConcurrentReferenceHashMap$Segment.clear()V @ 7 c2
Event: 5.016 Thread 0x000001c6ae086b50 DEOPT PACKING pc=0x000001c6bd4de2e0 sp=0x000000b0af8fed30
Event: 5.016 Thread 0x000001c6ae086b50 DEOPT UNPACKING pc=0x000001c6b5a05c23 sp=0x000000b0af8fecc0 mode 2

Classes loaded (20 events):
Event: 4.828 Loading class sun/nio/ch/SourceChannelImpl
Event: 4.828 Loading class java/nio/channels/Pipe$SourceChannel
Event: 4.828 Loading class java/nio/channels/Pipe$SourceChannel done
Event: 4.828 Loading class sun/nio/ch/SourceChannelImpl done
Event: 4.828 Loading class sun/nio/ch/SinkChannelImpl
Event: 4.828 Loading class java/nio/channels/Pipe$SinkChannel
Event: 4.828 Loading class java/nio/channels/Pipe$SinkChannel done
Event: 4.828 Loading class sun/nio/ch/SinkChannelImpl done
Event: 4.829 Loading class sun/nio/ch/SocketChannelImpl$DefaultOptionsHolder
Event: 4.829 Loading class sun/nio/ch/SocketChannelImpl$DefaultOptionsHolder done
Event: 4.829 Loading class java/nio/channels/spi/AbstractSelector$1
Event: 4.829 Loading class java/nio/channels/spi/AbstractSelector$1 done
Event: 4.831 Loading class java/util/TreeMap$ValueSpliterator
Event: 4.831 Loading class java/util/TreeMap$TreeMapSpliterator
Event: 4.831 Loading class java/util/TreeMap$TreeMapSpliterator done
Event: 4.831 Loading class java/util/TreeMap$ValueSpliterator done
Event: 5.020 Loading class jdk/internal/math/FDBigInteger
Event: 5.020 Loading class jdk/internal/math/FDBigInteger done
Event: 34.804 Loading class java/util/regex/Pattern$1
Event: 34.804 Loading class java/util/regex/Pattern$1 done

Classes unloaded (0 events):
No events

Classes redefined (0 events):
No events

Internal exceptions (20 events):
Event: 3.797 Thread 0x000001c6ae086b50 Exception <a 'java/lang/ClassNotFoundException'{0x00000007082d6278}: org/springframework/beans/factory/FactoryBeanCustomizer> (0x00000007082d6278) 
thrown [s\open\src\hotspot\share\classfile\systemDictionary.cpp, line 255]
Event: 3.798 Thread 0x000001c6ae086b50 Exception <a 'java/lang/ClassNotFoundException'{0x00000007082dd850}: org/springframework/beans/factory/BeanFactoryAwareCustomizer> (0x00000007082dd850) 
thrown [s\open\src\hotspot\share\classfile\systemDictionary.cpp, line 255]
Event: 3.798 Thread 0x000001c6ae086b50 Exception <a 'java/lang/ClassNotFoundException'{0x00000007082e1f40}: org/springframework/beans/factory/AwareCustomizer> (0x00000007082e1f40) 
thrown [s\open\src\hotspot\share\classfile\systemDictionary.cpp, line 255]
Event: 3.798 Thread 0x000001c6ae086b50 Exception <a 'java/lang/ClassNotFoundException'{0x00000007082e5350}: org/springframework/aop/framework/AopInfrastructureBeanCustomizer> (0x00000007082e5350) 
thrown [s\open\src\hotspot\share\classfile\systemDictionary.cpp, line 255]
Event: 3.816 Thread 0x000001c6ae086b50 Exception <a 'java/lang/NoSuchMethodError'{0x000000070839b5f8}: 'void java.lang.invoke.DirectMethodHandle$Holder.invokeInterface(java.lang.Object, java.lang.Object, int, java.lang.Object)'> (0x000000070839b5f8) 
thrown [s\open\src\hotspot\share\interpreter\linkResolver.cpp, line 759]
Event: 3.817 Thread 0x000001c6ae086b50 Exception <a 'java/lang/NoSuchMethodError'{0x000000070839f260}: 'void java.lang.invoke.DelegatingMethodHandle$Holder.reinvoke_L(java.lang.Object, java.lang.Object, int, java.lang.Object)'> (0x000000070839f260) 
thrown [s\open\src\hotspot\share\interpreter\linkResolver.cpp, line 759]
Event: 4.207 Thread 0x000001c6ae086b50 Exception <a 'java/lang/NoSuchMethodError'{0x0000000711284890}: 'java.lang.Object java.lang.invoke.DirectMethodHandle$Holder.newInvokeSpecial(java.lang.Object, java.lang.Object, int, java.lang.Object, java.lang.Object)'> (0x0000000711284890) 
thrown [s\open\src\hotspot\share\interpreter\linkResolver.cpp, line 759]
Event: 4.209 Thread 0x000001c6ae086b50 Exception <a 'java/lang/NoSuchMethodError'{0x00000007112900d8}: 'java.lang.Object java.lang.invoke.DirectMethodHandle$Holder.invokeSpecial(java.lang.Object, java.lang.Object, int, java.lang.Object, int, java.lang.Object)'> (0x00000007112900d8) 
thrown [s\open\src\hotspot\share\interpreter\linkResolver.cpp, line 759]
Event: 4.209 Thread 0x000001c6ae086b50 Exception <a 'java/lang/NoSuchMethodError'{0x0000000711297ed0}: 'java.lang.Object java.lang.invoke.DirectMethodHandle$Holder.newInvokeSpecial(java.lang.Object, java.lang.Object, int, java.lang.Object, int)'> (0x0000000711297ed0) 
thrown [s\open\src\hotspot\share\interpreter\linkResolver.cpp, line 759]
Event: 4.210 Thread 0x000001c6ae086b50 Exception <a 'java/lang/NoSuchMethodError'{0x000000071129bfd8}: 'java.lang.Object java.lang.invoke.DirectMethodHandle$Holder.invokeSpecial(java.lang.Object, java.lang.Object, java.lang.Object, int, java.lang.Object, int)'> (0x000000071129bfd8) 
thrown [s\open\src\hotspot\share\interpreter\linkResolver.cpp, line 759]
Event: 4.213 Thread 0x000001c6ae086b50 Exception <a 'java/lang/NoSuchMethodError'{0x00000007112b4028}: 'java.lang.Object java.lang.invoke.DirectMethodHandle$Holder.invokeVirtual(java.lang.Object, java.lang.Object, java.lang.Object, java.lang.Object, java.lang.Object, java.lang.Object)'> (0x00000007112b4028) 
thrown [s\open\src\hotspot\share\interpreter\linkResolver.cpp, line 759]
Event: 4.255 Thread 0x000001c6ae086b50 Exception <a 'java/lang/IncompatibleClassChangeError'{0x000000071109c878}: Found class java.lang.Object, but interface was expected> (0x000000071109c878) 
thrown [s\open\src\hotspot\share\interpreter\linkResolver.cpp, line 826]
Event: 4.286 Thread 0x000001c6ae086b50 Implicit null exception at 0x000001c6bd606593 to 0x000001c6bd606dd0
Event: 4.390 Thread 0x000001c6ae086b50 Exception <a 'sun/nio/fs/WindowsException'{0x0000000708373108}> (0x0000000708373108) 
thrown [s\open\src\hotspot\share\prims\jni.cpp, line 516]
Event: 4.766 Thread 0x000001c6ae086b50 Implicit null exception at 0x000001c6bd6ce64f to 0x000001c6bd6ce858
Event: 4.769 Thread 0x000001c6ae086b50 Exception <a 'java/lang/NoSuchMethodError'{0x00000007083f6800}: 'long java.lang.invoke.DirectMethodHandle$Holder.invokeStatic(java.lang.Object, java.lang.Object, int)'> (0x00000007083f6800) 
thrown [s\open\src\hotspot\share\interpreter\linkResolver.cpp, line 759]
Event: 4.769 Thread 0x000001c6ae086b50 Exception <a 'java/lang/NoSuchMethodError'{0x0000000708005b08}: 'java.lang.Object java.lang.invoke.DelegatingMethodHandle$Holder.reinvoke_L(java.lang.Object, int, int, long, java.lang.Object, long, long, long)'> (0x0000000708005b08) 
thrown [s\open\src\hotspot\share\interpreter\linkResolver.cpp, line 759]
Event: 4.772 Thread 0x000001c6ae086b50 Exception <a 'java/lang/NoSuchMethodError'{0x000000070802c008}: 'java.lang.Object java.lang.invoke.DelegatingMethodHandle$Holder.reinvoke_L(java.lang.Object, java.lang.Object, java.lang.Object, java.lang.Object, java.lang.Object, java.lang.Object, java.lang.Object, java.lang.Object, java.lang.Object, java.lang.Object, java.lang.Object, java.lang.Object, java.lang.Object, java.lang.Object, int, java.lang.Object, java.lang.Object, java.lang.Object, java.lang.Object, java.lang.Object, java.lang.Object, java.l
Event: 4.777 Thread 0x000001c6ae086b50 Exception <a 'java/lang/NoSuchMethodError'{0x0000000708088160}: 'java.lang.Object java.lang.invoke.DelegatingMethodHandle$Holder.reinvoke_L(java.lang.Object, java.lang.Object, java.lang.Object, java.lang.Object, java.lang.Object, java.lang.Object, java.lang.Object, java.lang.Object, java.lang.Object, java.lang.Object, java.lang.Object, java.lang.Object, java.lang.Object, java.lang.Object, java.lang.Object, java.lang.Object, java.lang.Object, java.lang.Object, java.lang.Object, java.lang.Object, java.lang.O
Event: 4.839 Thread 0x000001c6d7eb4a00 Exception <a 'java/lang/NoSuchMethodError'{0x0000000707c45f98}: 'long java.lang.invoke.DelegatingMethodHandle$Holder.reinvoke_L(java.lang.Object, java.lang.Object)'> (0x0000000707c45f98) 
thrown [s\open\src\hotspot\share\interpreter\linkResolver.cpp, line 759]

VM Operations (20 events):
Event: 4.533 Executing VM operation: CollectForMetadataAllocation done
Event: 4.548 Executing VM operation: G1Concurrent
Event: 4.551 Executing VM operation: G1Concurrent done
Event: 4.560 Executing VM operation: G1Concurrent
Event: 4.560 Executing VM operation: G1Concurrent done
Event: 4.614 Executing VM operation: HandshakeAllThreads
Event: 4.614 Executing VM operation: HandshakeAllThreads done
Event: 4.614 Executing VM operation: HandshakeAllThreads
Event: 4.614 Executing VM operation: HandshakeAllThreads done
Event: 4.631 Executing VM operation: HandshakeAllThreads
Event: 4.631 Executing VM operation: HandshakeAllThreads done
Event: 4.641 Executing VM operation: HandshakeAllThreads
Event: 4.641 Executing VM operation: HandshakeAllThreads done
Event: 4.722 Executing VM operation: HandshakeAllThreads
Event: 4.722 Executing VM operation: HandshakeAllThreads done
Event: 4.722 Executing VM operation: HandshakeAllThreads
Event: 4.722 Executing VM operation: HandshakeAllThreads done
Event: 5.736 Executing VM operation: Cleanup
Event: 5.737 Executing VM operation: Cleanup done
Event: 34.832 Executing VM operation: G1CollectForAllocation

Events (20 events):
Event: 4.791 Thread 0x000001c6d7eb4ed0 Thread added: 0x000001c6d7eb4ed0
Event: 4.794 Thread 0x000001c6d7eb4a00 Thread added: 0x000001c6d7eb4a00
Event: 4.815 Thread 0x000001c6d7eb5d40 Thread added: 0x000001c6d7eb5d40
Event: 4.815 Thread 0x000001c6d7eb6210 Thread added: 0x000001c6d7eb6210
Event: 4.815 Thread 0x000001c6d7eb5870 Thread added: 0x000001c6d7eb5870
Event: 4.816 Thread 0x000001c6d7eb66e0 Thread added: 0x000001c6d7eb66e0
Event: 4.816 Thread 0x000001c6d7eb6bb0 Thread added: 0x000001c6d7eb6bb0
Event: 4.816 Thread 0x000001c6d7eb53a0 Thread added: 0x000001c6d7eb53a0
Event: 4.817 Thread 0x000001c6d9733a40 Thread added: 0x000001c6d9733a40
Event: 4.817 Thread 0x000001c6d972f6e0 Thread added: 0x000001c6d972f6e0
Event: 4.817 Thread 0x000001c6d972d530 Thread added: 0x000001c6d972d530
Event: 4.818 Thread 0x000001c6d972e3a0 Thread added: 0x000001c6d972e3a0
Event: 4.829 Thread 0x000001c6d97348b0 Thread added: 0x000001c6d97348b0
Event: 4.830 Thread 0x000001c6d9732bd0 Thread added: 0x000001c6d9732bd0
Event: 4.930 Thread 0x000001c6d6592e00 Thread exited: 0x000001c6d6592e00
Event: 5.024 Thread 0x000001c6ae086b50 Thread exited: 0x000001c6ae086b50
Event: 5.024 Thread 0x000001c6d9730080 Thread added: 0x000001c6d9730080
Event: 10.151 Thread 0x000001c6d5125030 Thread exited: 0x000001c6d5125030
Event: 34.802 Thread 0x000001c6d97343e0 Thread added: 0x000001c6d97343e0
Event: 34.802 Thread 0x000001c6d9731890 Thread added: 0x000001c6d9731890


Dynamic libraries:
0x00007ff7fcfc0000 - 0x00007ff7fcfce000 	C:\Users\divyaaggarwal01\.jdks\openjdk-18.0.2.1\bin\java.exe
0x00007ffdbbdf0000 - 0x00007ffdbbfe8000 	C:\Windows\SYSTEM32\ntdll.dll
0x00007ffdbafd0000 - 0x00007ffdbb08d000 	C:\Windows\System32\KERNEL32.DLL
0x00007ffdb95b0000 - 0x00007ffdb9882000 	C:\Windows\System32\KERNELBASE.dll
0x00007ffdb1e70000 - 0x00007ffdb1e87000 	C:\Users\divyaaggarwal01\.jdks\openjdk-18.0.2.1\bin\jli.dll
0x00007ffdb1e20000 - 0x00007ffdb1e3a000 	C:\Users\divyaaggarwal01\.jdks\openjdk-18.0.2.1\bin\VCRUNTIME140.dll
0x00007ffdb9890000 - 0x00007ffdb9990000 	C:\Windows\System32\ucrtbase.dll
0x00007ffdbb400000 - 0x00007ffdbb59d000 	C:\Windows\System32\USER32.dll
0x00007ffd99050000 - 0x00007ffd992ea000 	C:\Windows\WinSxS\amd64_microsoft.windows.common-controls_6595b64144ccf1df_6.0.19041.1110_none_60b5254171f9507e\COMCTL32.dll
0x00007ffdb9e20000 - 0x00007ffdb9e42000 	C:\Windows\System32\win32u.dll
0x00007ffdb9f80000 - 0x00007ffdba01e000 	C:\Windows\System32\msvcrt.dll
0x00007ffdbb6d0000 - 0x00007ffdbb6fb000 	C:\Windows\System32\GDI32.dll
0x00007ffdb9a30000 - 0x00007ffdb9b3f000 	C:\Windows\System32\gdi32full.dll
0x00007ffdb9990000 - 0x00007ffdb9a2d000 	C:\Windows\System32\msvcp_win.dll
0x00007ffdbbc60000 - 0x00007ffdbbc90000 	C:\Windows\System32\IMM32.DLL
0x00007ffdb1e60000 - 0x00007ffdb1e6c000 	C:\Users\divyaaggarwal01\.jdks\openjdk-18.0.2.1\bin\vcruntime140_1.dll
0x00007ffdaddb0000 - 0x00007ffdade3d000 	C:\Users\divyaaggarwal01\.jdks\openjdk-18.0.2.1\bin\msvcp140.dll
0x00007ffd23990000 - 0x00007ffd245a1000 	C:\Users\divyaaggarwal01\.jdks\openjdk-18.0.2.1\bin\server\jvm.dll
0x00007ffdbad40000 - 0x00007ffdbadee000 	C:\Windows\System32\ADVAPI32.dll
0x00007ffdbac40000 - 0x00007ffdbacdc000 	C:\Windows\System32\sechost.dll
0x00007ffdb9e50000 - 0x00007ffdb9f75000 	C:\Windows\System32\RPCRT4.dll
0x00007ffd99760000 - 0x00007ffd99769000 	C:\Windows\SYSTEM32\WSOCK32.dll
0x00007ffd9c950000 - 0x00007ffd9c977000 	C:\Windows\SYSTEM32\WINMM.dll
0x00007ffdbaed0000 - 0x00007ffdbaed8000 	C:\Windows\System32\PSAPI.DLL
0x00007ffdaa040000 - 0x00007ffdaa04a000 	C:\Windows\SYSTEM32\VERSION.dll
0x00007ffdbbc90000 - 0x00007ffdbbcfb000 	C:\Windows\System32\WS2_32.dll
0x00007ffdb7d60000 - 0x00007ffdb7d72000 	C:\Windows\SYSTEM32\kernel.appcore.dll
0x00007ffdb0ed0000 - 0x00007ffdb0eda000 	C:\Users\divyaaggarwal01\.jdks\openjdk-18.0.2.1\bin\jimage.dll
0x00007ffdb7120000 - 0x00007ffdb7304000 	C:\Windows\SYSTEM32\DBGHELP.DLL
0x00007ffd9c860000 - 0x00007ffd9c88c000 	C:\Windows\SYSTEM32\dbgcore.DLL
0x00007ffdb9b70000 - 0x00007ffdb9bf2000 	C:\Windows\System32\bcryptPrimitives.dll
0x00007ffdaf170000 - 0x00007ffdaf17e000 	C:\Users\divyaaggarwal01\.jdks\openjdk-18.0.2.1\bin\instrument.dll
0x00007ffda4c60000 - 0x00007ffda4c85000 	C:\Users\divyaaggarwal01\.jdks\openjdk-18.0.2.1\bin\java.dll
0x00007ffd8f5f0000 - 0x00007ffd8f6c6000 	C:\Users\divyaaggarwal01\.jdks\openjdk-18.0.2.1\bin\jsvml.dll
0x00007ffdba490000 - 0x00007ffdbabd3000 	C:\Windows\System32\SHELL32.dll
0x00007ffdb7490000 - 0x00007ffdb7c21000 	C:\Windows\SYSTEM32\windows.storage.dll
0x00007ffdbb700000 - 0x00007ffdbba54000 	C:\Windows\System32\combase.dll
0x00007ffdb8f60000 - 0x00007ffdb8f90000 	C:\Windows\SYSTEM32\Wldp.dll
0x00007ffdbbd00000 - 0x00007ffdbbdad000 	C:\Windows\System32\SHCORE.dll
0x00007ffdbaee0000 - 0x00007ffdbaf35000 	C:\Windows\System32\shlwapi.dll
0x00007ffdb9440000 - 0x00007ffdb945f000 	C:\Windows\SYSTEM32\profapi.dll
0x00007ffda4c40000 - 0x00007ffda4c58000 	C:\Users\divyaaggarwal01\.jdks\openjdk-18.0.2.1\bin\zip.dll
0x00007ffdb0eb0000 - 0x00007ffdb0ec3000 	C:\Users\divyaaggarwal01\.jdks\openjdk-18.0.2.1\bin\net.dll
0x00007ffdb84f0000 - 0x00007ffdb85fd000 	C:\Windows\SYSTEM32\WINHTTP.dll
0x00007ffdb8cc0000 - 0x00007ffdb8d2a000 	C:\Windows\system32\mswsock.dll
0x00007ffdadd70000 - 0x00007ffdadd86000 	C:\Users\divyaaggarwal01\.jdks\openjdk-18.0.2.1\bin\nio.dll
0x00007ffda4bd0000 - 0x00007ffda4bea000 	C:\Program Files\JetBrains\IntelliJ IDEA Community Edition 2021.2.3\bin\breakgen64.dll
0x00007ffdaf130000 - 0x00007ffdaf140000 	C:\Users\divyaaggarwal01\.jdks\openjdk-18.0.2.1\bin\verify.dll
0x00007ffdb8960000 - 0x00007ffdb899b000 	C:\Windows\SYSTEM32\IPHLPAPI.DLL
0x00007ffdbb250000 - 0x00007ffdbb258000 	C:\Windows\System32\NSI.dll
0x00007ffdafb30000 - 0x00007ffdafb47000 	C:\Windows\SYSTEM32\dhcpcsvc6.DLL
0x00007ffdafb10000 - 0x00007ffdafb2d000 	C:\Windows\SYSTEM32\dhcpcsvc.DLL
0x00007ffdb89a0000 - 0x00007ffdb8a6a000 	C:\Windows\SYSTEM32\DNSAPI.dll
0x00007ffdadd00000 - 0x00007ffdadd0a000 	C:\Windows\System32\rasadhlp.dll
0x00007ffdb05d0000 - 0x00007ffdb0650000 	C:\Windows\System32\fwpuclnt.dll
0x00007ffdb9b40000 - 0x00007ffdb9b67000 	C:\Windows\System32\bcrypt.dll
0x00007ffdadda0000 - 0x00007ffdadda9000 	C:\Users\divyaaggarwal01\.jdks\openjdk-18.0.2.1\bin\management.dll
0x00007ffda4c30000 - 0x00007ffda4c3b000 	C:\Users\divyaaggarwal01\.jdks\openjdk-18.0.2.1\bin\management_ext.dll
0x00007ffd99500000 - 0x00007ffd99517000 	C:\Windows\system32\napinsp.dll
0x00007ffd994e0000 - 0x00007ffd994fb000 	C:\Windows\system32\pnrpnsp.dll
0x00007ffdb1300000 - 0x00007ffdb1315000 	C:\Windows\system32\wshbth.dll
0x00007ffdb1d60000 - 0x00007ffdb1d7d000 	C:\Windows\system32\NLAapi.dll
0x00007ffd994c0000 - 0x00007ffd994d2000 	C:\Windows\System32\winrnr.dll
0x00007ffdb8eb0000 - 0x00007ffdb8ec8000 	C:\Windows\SYSTEM32\CRYPTSP.dll
0x00007ffdb8460000 - 0x00007ffdb8494000 	C:\Windows\system32\rsaenh.dll
0x00007ffdb93c0000 - 0x00007ffdb93ee000 	C:\Windows\SYSTEM32\USERENV.dll
0x00007ffdb8ed0000 - 0x00007ffdb8edc000 	C:\Windows\SYSTEM32\CRYPTBASE.dll
0x00007ffda4bb0000 - 0x00007ffda4bbe000 	C:\Users\divyaaggarwal01\.jdks\openjdk-18.0.2.1\bin\sunmscapi.dll
0x00007ffdb9c00000 - 0x00007ffdb9d56000 	C:\Windows\System32\CRYPT32.dll
0x00007ffdb8fd0000 - 0x00007ffdb8ff7000 	C:\Windows\SYSTEM32\ncrypt.dll
0x00007ffdb8f90000 - 0x00007ffdb8fcb000 	C:\Windows\SYSTEM32\NTASN1.dll

dbghelp: loaded successfully - version: 4.0.5 - missing functions: none
symbol engine: initialized successfully - sym options: 0x614 - pdb path: .;C:\Users\divyaaggarwal01\.jdks\openjdk-18.0.2.1\bin;C:\Windows\SYSTEM32;C:\Windows\WinSxS\amd64_microsoft.windows.common-controls_6595b64144ccf1df_6.0.19041.1110_none_60b5254171f9507e;C:\Users\divyaaggarwal01\.jdks\openjdk-18.0.2.1\bin\server;C:\Program Files\JetBrains\IntelliJ IDEA Community Edition 2021.2.3\bin

VM Arguments:
jvm_args: -javaagent:C:\Program Files\JetBrains\IntelliJ IDEA Community Edition 2021.2.3\lib\idea_rt.jar=55947:C:\Program Files\JetBrains\IntelliJ IDEA Community Edition 2021.2.3\bin -Dfile.encoding=UTF-8 
java_command: com.javabrains.moviecatalogservice.MovieCatalogServiceApplication
java_class_path (initial): D:\JavaBrainsMicroservices\movie-catalog-service\target\classes;C:\Users\divyaaggarwal01\.m2\repository\org\springframework\boot\spring-boot-starter-web\2.7.5\spring-boot-starter-web-2.7.5.jar;C:\Users\divyaaggarwal01\.m2\repository\org\springframework\boot\spring-boot-starter\2.7.5\spring-boot-starter-2.7.5.jar;C:\Users\divyaaggarwal01\.m2\repository\org\springframework\boot\spring-boot\2.7.5\spring-boot-2.7.5.jar;C:\Users\divyaaggarwal01\.m2\repository\org\springframework\boot\spring-boot-autoconfigure\2.7.5\spring-boot-autoconfigure-2.7.5.jar;C:\Users\divyaaggarwal01\.m2\repository\org\springframework\boot\spring-boot-starter-logging\2.7.5\spring-boot-starter-logging-2.7.5.jar;C:\Users\divyaaggarwal01\.m2\repository\ch\qos\logback\logback-classic\1.2.11\logback-classic-1.2.11.jar;C:\Users\divyaaggarwal01\.m2\repository\ch\qos\logback\logback-core\1.2.11\logback-core-1.2.11.jar;C:\Users\divyaaggarwal01\.m2\repository\org\apache\logging\log4j\log4j-to-slf4j\2.17.2\log4j-to-slf4j-2.17.2.jar;C:\Users\divyaaggarwal01\.m2\repository\org\apache\logging\log4j\log4j-api\2.17.2\log4j-api-2.17.2.jar;C:\Users\divyaaggarwal01\.m2\repository\org\slf4j\jul-to-slf4j\1.7.36\jul-to-slf4j-1.7.36.jar;C:\Users\divyaaggarwal01\.m2\repository\jakarta\annotation\jakarta.annotation-api\1.3.5\jakarta.annotation-api-1.3.5.jar;C:\Users\divyaaggarwal01\.m2\repository\org\yaml\snakeyaml\1.30\snakeyaml-1.30.jar;C:\Users\divyaaggarwal01\.m2\repository\org\springframework\boot\spring-boot-starter-json\2.7.5\spring-boot-starter-json-2.7.5.jar;C:\Users\divyaaggarwal01\.m2\repository\com\fasterxml\jackson\core\jackson-databind\2.13.4.2\jackson-databind-2.13.4.2.jar;C:\Users\divyaaggarwal01\.m2\repository\com\fasterxml\jackson\datatype\jackson-datatype-jdk8\2.13.4\jackson-datatype-jdk8-2.13.4.jar;C:\Users\divyaaggarwal01\.m2\repository\com\fasterxml\jackson\datatype\jackson-datatype-jsr310\2.13.4\jackson-datatype-jsr310-2.13.4.jar;C:\Users\divyaaggarwal01\.m2\repository\com\fasterxml\jackson\module\jackson-module-parameter-names\2.13.4\jackson-module-parameter-names-2.13.4.jar;C:\Users\divyaaggarwal01\.m2\repository\org\springframework\boot\spring-boot-starter-tomcat\2.7.5\spring-boot-starter-tomcat-2.7.5.jar;C:\Users\divyaaggarwal01\.m2\repository\org\apache\tomcat\embed\tomcat-embed-core\9.0.68\tomcat-embed-core-9.0.68.jar;C:\Users\divyaaggarwal01\.m2\repository\org\apache\tomcat\embed\tomcat-embed-el\9.0.68\tomcat-embed-el-9.0.68.jar;C:\Users\divyaaggarwal01\.m2\repository\org\apache\tomcat\embed\tomcat-embed-websocket\9.0.68\tomcat-embed-websocket-9.0.68.jar;C:\Users\divyaaggarwal01\.m2\repository\org\springframework\spring-web\5.3.23\spring-web-5.3.23.jar;C:\Users\divyaaggarwal01\.m2\repository\org\springframework\spring-beans\5.3.23\spring-beans-5.3.23.jar;C:\Users\divyaaggarwal01\.m2\repository\org\springframework\spring-webmvc\5.3.23\spring-webmvc-5.3.23.jar;C:\Users\divyaaggarwal01\.m2\repository\org\springframework\spring-aop\5.3.23\spring-aop-5.3.23.jar;C:\Users\divyaaggarwal01\.m2\repository\org\springframework\spring-context\5.3.23\spring-context-5.3.23.jar;C:\Users\divyaaggarwal01\.m2\repository\org\springframework\spring-expression\5.3.23\spring-expression-5.3.23.jar;C:\Users\divyaaggarwal01\.m2\repository\org\springframework\boot\spring-boot-starter-webflux\2.7.5\spring-boot-starter-webflux-2.7.5.jar;C:\Users\divyaaggarwal01\.m2\repository\org\springframework\boot\spring-boot-starter-reactor-netty\2.7.5\spring-boot-starter-reactor-netty-2.7.5.jar;C:\Users\divyaaggarwal01\.m2\repository\io\projectreactor\netty\reactor-netty-http\1.0.24\reactor-netty-http-1.0.24.jar;C:\Users\divyaaggarwal01\.m2\repository\io\netty\netty-codec-http\4.1.84.Final\netty-codec-http-4.1.84.Final.jar;C:\Users\divyaaggarwal01\.m2\repository\io\netty\netty-common\4.1.84.Final\netty-common-4.1.84.Final.jar;C:\Users\divyaaggarwal01\.m2\repository\io\netty\netty-buffer\4.1.84.Final\netty-buffer-4.1.84.Final.jar;C:\Users\divyaaggarwal01\.m2\repository\io\netty\netty-transport\4.1.84.Final\netty-transport-4.1.84.Final.jar;C:\Users\divyaaggarwal01\.m2\repository\io\netty\netty-codec\4.1.84.Final\netty-codec-4.1.84.Final.jar;C:\Users\divyaaggarwal01\.m2\repository\io\netty\netty-handler\4.1.84.Final\netty-handler-4.1.84.Final.jar;C:\Users\divyaaggarwal01\.m2\repository\io\netty\netty-codec-http2\4.1.84.Final\netty-codec-http2-4.1.84.Final.jar;C:\Users\divyaaggarwal01\.m2\repository\io\netty\netty-resolver-dns\4.1.84.Final\netty-resolver-dns-4.1.84.Final.jar;C:\Users\divyaaggarwal01\.m2\repository\io\netty\netty-resolver\4.1.84.Final\netty-resolver-4.1.84.Final.jar;C:\Users\divyaaggarwal01\.m2\repository\io\netty\netty-codec-dns\4.1.84.Final\netty-codec-dns-4.1.84.Final.jar;C:\Users\divyaaggarwal01\.m2\repository\io\netty\netty-resolver-dns-native-macos\4.1.84.Final\netty-resolver-dns-native-macos-4.1.84.Final-osx-x86_64.jar;C:\Users\divyaaggarwal01\.m2\repository\io\netty\netty-resolver-dns-classes-macos\4.1.84.Final\netty-resolver-dns-classes-macos-4.1.84.Final.jar;C:\Users\divyaaggarwal01\.m2\repository\io\netty\netty-transport-native-epoll\4.1.84.Final\netty-transport-native-epoll-4.1.84.Final-linux-x86_64.jar;C:\Users\divyaaggarwal01\.m2\repository\io\netty\netty-transport-native-unix-common\4.1.84.Final\netty-transport-native-unix-common-4.1.84.Final.jar;C:\Users\divyaaggarwal01\.m2\repository\io\netty\netty-transport-classes-epoll\4.1.84.Final\netty-transport-classes-epoll-4.1.84.Final.jar;C:\Users\divyaaggarwal01\.m2\repository\io\projectreactor\netty\reactor-netty-core\1.0.24\reactor-netty-core-1.0.24.jar;C:\Users\divyaaggarwal01\.m2\repository\io\netty\netty-handler-proxy\4.1.84.Final\netty-handler-proxy-4.1.84.Final.jar;C:\Users\divyaaggarwal01\.m2\repository\io\netty\netty-codec-socks\4.1.84.Final\netty-codec-socks-4.1.84.Final.jar;C:\Users\divyaaggarwal01\.m2\repository\org\springframework\spring-webflux\5.3.23\spring-webflux-5.3.23.jar;C:\Users\divyaaggarwal01\.m2\repository\io\projectreactor\reactor-core\3.4.24\reactor-core-3.4.24.jar;C:\Users\divyaaggarwal01\.m2\repository\org\reactivestreams\reactive-streams\1.0.4\reactive-streams-1.0.4.jar;C:\Users\divyaaggarwal01\.m2\repository\org\springframework\cloud\spring-cloud-starter-netflix-eureka-client\3.1.4\spring-cloud-starter-netflix-eureka-client-3.1.4.jar;C:\Users\divyaaggarwal01\.m2\repository\org\springframework\cloud\spring-cloud-starter\3.1.5\spring-cloud-starter-3.1.5.jar;C:\Users\divyaaggarwal01\.m2\repository\org\springframework\cloud\spring-cloud-context\3.1.5\spring-cloud-context-3.1.5.jar;C:\Users\divyaaggarwal01\.m2\repository\org\springframework\security\spring-security-crypto\5.7.4\spring-security-crypto-5.7.4.jar;C:\Users\divyaaggarwal01\.m2\repository\org\springframework\cloud\spring-cloud-commons\3.1.5\spring-cloud-commons-3.1.5.jar;C:\Users\divyaaggarwal01\.m2\repository\org\springframework\security\spring-security-rsa\1.0.11.RELEASE\spring-security-rsa-1.0.11.RELEASE.jar;C:\Users\divyaaggarwal01\.m2\repository\org\bouncycastle\bcpkix-jdk15on\1.69\bcpkix-jdk15on-1.69.jar;C:\Users\divyaaggarwal01\.m2\repository\org\bouncycastle\bcprov-jdk15on\1.69\bcprov-jdk15on-1.69.jar;C:\Users\divyaaggarwal01\.m2\repository\org\bouncycastle\bcutil-jdk15on\1.69\bcutil-jdk15on-1.69.jar;C:\Users\divyaaggarwal01\.m2\repository\org\springframework\cloud\spring-cloud-netflix-eureka-client\3.1.4\spring-cloud-netflix-eureka-client-3.1.4.jar;C:\Users\divyaaggarwal01\.m2\repository\com\netflix\eureka\eureka-client\1.10.17\eureka-client-1.10.17.jar;C:\Users\divyaaggarwal01\.m2\repository\com\netflix\netflix-commons\netflix-eventbus\0.3.0\netflix-eventbus-0.3.0.jar;C:\Users\divyaaggarwal01\.m2\repository\com\netflix\netflix-commons\netflix-infix\0.3.0\netflix-infix-0.3.0.jar;C:\Users\divyaaggarwal01\.m2\repository\commons-jxpath\commons-jxpath\1.3\commons-jxpath-1.3.jar;C:\Users\divyaaggarwal01\.m2\repository\joda-time\joda-time\2.3\joda-time-2.3.jar;C:\Users\divyaaggarwal01\.m2\repository\org\antlr\antlr-runtime\3.4\antlr-runtime-3.4.jar;C:\Users\divyaaggarwal01\.m2\repository\org\antlr\stringtemplate\3.2.1\stringtemplate-3.2.1.jar;C:\Users\divyaaggarwal01\.m2\repository\antlr\antlr\2.7.7\antlr-2.7.7.jar;C:\Users\divyaaggarwal01\.m2\repository\com\google\code\gson\gson\2.9.1\gson-2.9.1.jar;C:\Users\divyaaggarwal01\.m2\repository\org\apache\commons\commons-math\2.2\commons-math-2.2.jar;C:\Users\divyaaggarwal01\.m2\repository\com\thoughtworks\xstream\xstream\1.4.18\xstream-1.4.18.jar;C:\Users\divyaaggarwal01\.m2\repository\io\github\x-stream\mxparser\1.2.2\mxparser-1.2.2.jar;C:\Users\divyaaggarwal01\.m2\repository\xmlpull\xmlpull\1.1.3.1\xmlpull-1.1.3.1.jar;C:\Users\divyaaggarwal01\.m2\repository\javax\ws\rs\jsr311-api\1.1.1\jsr311-api-1.1.1.jar;C:\Users\divyaaggarwal01\.m2\repository\com\netflix\servo\servo-core\0.12.21\servo-core-0.12.21.jar;C:\Users\divyaaggarwal01\.m2\repository\com\google\guava\guava\19.0\guava-19.0.jar;C:\Users\divyaaggarwal01\.m2\repository\org\apache\httpcomponents\httpclient\4.5.13\httpclient-4.5.13.jar;C:\Users\divyaaggarwal01\.m2\repository\org\apache\httpcomponents\httpcore\4.4.15\httpcore-4.4.15.jar;C:\Users\divyaaggarwal01\.m2\repository\commons-codec\commons-codec\1.15\commons-codec-1.15.jar;C:\Users\divyaaggarwal01\.m2\repository\commons-configuration\commons-configuration\1.10\commons-configuration-1.10.jar;C:\Users\divyaaggarwal01\.m2\repository\commons-lang\commons-lang\2.6\commons-lang-2.6.jar;C:\Users\divyaaggarwal01\.m2\repository\com\google\inject\guice\4.1.0\guice-4.1.0.jar;C:\Users\divyaaggarwal01\.m2\repository\javax\inject\javax.inject\1\javax.inject-1.jar;C:\Users\divyaaggarwal01\.m2\repository\com\fasterxml\jackson\core\jackson-annotations\2.13.4\jackson-annotations-2.13.4.jar;C:\Users\divyaaggarwal01\.m2\repository\com\fasterxml\jackson\core\jackson-core\2.13.4\jackson-core-2.13.4.jar;C:\Users\divyaaggarwal01\.m2\repository\org\codehaus\jettison\jettison\1.4.0\jettison-1.4.0.jar;C:\Users\divyaaggarwal01\.m2\repository\com\netflix\eureka\eureka-core\1.10.17\eureka-core-1.10.17.jar;C:\Users\divyaaggarwal01\.m2\repository\com\fasterxml\woodstox\woodstox-core\6.2.1\woodstox-core-6.2.1.jar;C:\Users\divyaaggarwal01\.m2\repository\org\codehaus\woodstox\stax2-api\4.2.1\stax2-api-4.2.1.jar;C:\Users\divyaaggarwal01\.m2\repository\org\springframework\cloud\spring-cloud-starter-loadbalancer\3.1.5\spring-cloud-starter-loadbalancer-3.1.5.jar;C:\Users\divyaaggarwal01\.m2\repository\org\springframework\cloud\spring-cloud-loadbalancer\3.1.5\spring-cloud-loadbalancer-3.1.5.jar;C:\Users\divyaaggarwal01\.m2\repository\io\projectreactor\addons\reactor-extra\3.4.8\reactor-extra-3.4.8.jar;C:\Users\divyaaggarwal01\.m2\repository\org\springframework\boot\spring-boot-starter-cache\2.7.5\spring-boot-starter-cache-2.7.5.jar;C:\Users\divyaaggarwal01\.m2\repository\org\springframework\spring-context-support\5.3.23\spring-context-support-5.3.23.jar;C:\Users\divyaaggarwal01\.m2\repository\com\stoyanr\evictor\1.0.0\evictor-1.0.0.jar;C:\Users\divyaaggarwal01\.m2\repository\org\slf4j\slf4j-api\1.7.36\slf4j-api-1.7.36.jar;C:\Users\divyaaggarwal01\.m2\repository\org\springframework\spring-core\5.3.23\spring-core-5.3.23.jar;C:\Users\divyaaggarwal01\.m2\repository\org\springframework\spring-jcl\5.3.23\spring-jcl-5.3.23.jar
Launcher Type: SUN_STANDARD

[Global flags]
     intx CICompilerCount                          = 4                                         {product} {ergonomic}
     uint ConcGCThreads                            = 2                                         {product} {ergonomic}
     uint G1ConcRefinementThreads                  = 8                                         {product} {ergonomic}
   size_t G1HeapRegionSize                         = 2097152                                   {product} {ergonomic}
    uintx GCDrainStackTargetSize                   = 64                                        {product} {ergonomic}
   size_t InitialHeapSize                          = 264241152                                 {product} {ergonomic}
   size_t MarkStackSize                            = 4194304                                   {product} {ergonomic}
   size_t MaxHeapSize                              = 4204789760                                {product} {ergonomic}
   size_t MaxNewSize                               = 2522873856                                {product} {ergonomic}
   size_t MinHeapDeltaBytes                        = 2097152                                   {product} {ergonomic}
   size_t MinHeapSize                              = 8388608                                   {product} {ergonomic}
    uintx NonNMethodCodeHeapSize                   = 5839372                                {pd product} {ergonomic}
    uintx NonProfiledCodeHeapSize                  = 122909434                              {pd product} {ergonomic}
    uintx ProfiledCodeHeapSize                     = 122909434                              {pd product} {ergonomic}
    uintx ReservedCodeCacheSize                    = 251658240                              {pd product} {ergonomic}
     bool SegmentedCodeCache                       = true                                      {product} {ergonomic}
   size_t SoftMaxHeapSize                          = 4204789760                             {manageable} {ergonomic}
     bool UseCompressedClassPointers               = true                           {product lp64_product} {ergonomic}
     bool UseCompressedOops                        = true                           {product lp64_product} {ergonomic}
     bool UseG1GC                                  = true                                      {product} {ergonomic}
     bool UseLargePagesIndividualAllocation        = false                                  {pd product} {ergonomic}

Logging:
Log output configuration:
 #0: stdout all=warning uptime,level,tags foldmultilines=false
 #1: stderr all=off uptime,level,tags foldmultilines=false

Environment Variables:
JAVA_HOME=C:\Users\divyaaggarwal01\Downloads\openjdk-18.0.2.1_windows-x64_bin\jdk-18.0.2.1\
PATH=C:\Users\divyaaggarwal01\Downloads\openjdk-18.0.2.1_windows-x64_bin\jdk-18.0.2.1\bin;C:\Program Files\Microsoft MPI\Bin\;C:\Windows\system32;C:\Windows;C:\Windows\System32\Wbem;C:\Windows\System32\WindowsPowerShell\v1.0\;C:\Windows\System32\OpenSSH\;C:\Program Files\TortoiseSVN\bin;C:\Users\divyaaggarwal01\Downloads\openjdk-18.0.2.1_windows-x64_bin\jdk-18.0.2.1\\bin;C:\Program Files\Microsoft SQL Server\130\Tools\Binn\;C:\Program Files\Microsoft SQL Server\Client SDK\ODBC\170\Tools\Binn\;C:\Program Files (x86)\Microsoft SQL Server\150\DTS\Binn\;C:\Program Files\Azure Data Studio\bin;C:\Program Files (x86)\Microsoft SQL Server\140\Tools\Binn\;C:\Program Files\Microsoft SQL Server\140\Tools\Binn\;C:\Program Files (x86)\Microsoft SQL Server\140\DTS\Binn\;C:\Program Files\Microsoft SQL Server\140\DTS\Binn\;C:\Program Files\Microsoft SQL Server\Client SDK\ODBC\130\Tools\Binn\;C:\Program Files\dotnet\;C:\Program Files (x86)\dotnet\;C:\Program Files\PuTTY\;C:\Program Files\nodejs\;C:\Program Files\Git\cmd;C:\Program Files\Java\jdk-17.0.4.1\bin;C:\Program Files\MySQL\MySQL Shell 8.0\bin\;C:\Users\divyaaggarwal01\AppData\Local\Microsoft\WindowsApps;C:\Program Files\Azure Data Studio\bin;C:\Program Files\JetBrains\IntelliJ IDEA Community Edition 2021.2.3\bin;;C:\Users\divyaaggarwal01\AppData\Local\GitHubDesktop\bin;C:\ProgramData\divyaaggarwal01\GitHubDesktop\bin;C:\Users\divyaaggarwal01\.dotnet\tools;C:\.Net & Java Software\apache-maven-3.6.3-bin\apache-maven-3.6.3;C:\.Net & Java Software\apache-maven-3.6.3-bin\apache-maven-3.6.3\bin;C:\Users\divyaaggarwal01\AppData\Local\Programs\Microsoft VS Code\bin;C:\Users\divyaaggarwal01\AppData\Roaming\npm;D:\gradle-7.5.1-bin\gradle-7.5.1\bin;
USERNAME=divyaaggarwal01
OS=Windows_NT
PROCESSOR_IDENTIFIER=Intel64 Family 6 Model 140 Stepping 1, GenuineIntel



---------------  S Y S T E M  ---------------

OS:
 Windows 10 , 64 bit Build 19041 (10.0.19041.1889)
OS uptime: 0 days 4:40 hours

CPU: total 8 (initial active 8) (4 cores per cpu, 2 threads per core) family 6 model 140 stepping 1 microcode 0x86, cx8, cmov, fxsr, ht, mmx, 3dnowpref, sse, sse2, sse3, ssse3, sse4.1, sse4.2, popcnt, lzcnt, tsc, tscinvbit, avx, avx2, aes, erms, clmul, bmi1, bmi2, adx, avx512f, avx512dq, avx512cd, avx512bw, avx512vl, sha, fma, vzeroupper, avx512_vpopcntdq, avx512_vpclmulqdq, avx512_vaes, avx512_vnni, clflush, clflushopt, clwb, avx512_vbmi2, avx512_vbmi

Memory: 4k page, system-wide physical 16034M (1998M free)
TotalPageFile size 23767M (AvailPageFile size 104M)
current process WorkingSet (physical memory assigned to process): 169M, peak: 208M
current process commit charge ("private bytes"): 209M, peak: 405M

vm_info: OpenJDK 64-Bit Server VM (18.0.2.1+1-1) for windows-amd64 JRE (18.0.2.1+1-1), built on Aug 16 2022 01:44:29 by "mach5one" with MS VC++ 16.8 / 16.9 (VS2019)

END.
